Analysis & Synthesis report for main
Mon Mar 16 04:24:51 2026
Quartus Prime Version 25.1std.0 Build 1129 10/21/2025 SC Lite Edition


---------------------
; Table of Contents ;
---------------------
  1. Legal Notice
  2. Analysis & Synthesis Summary
  3. Analysis & Synthesis Settings
  4. Parallel Compilation
  5. Analysis & Synthesis Source Files Read
  6. Analysis & Synthesis Resource Usage Summary
  7. Analysis & Synthesis Resource Utilization by Entity
  8. State Machine - |main|timer_fsm:s_fsm|state
  9. State Machine - |main|timer_fsm:l_fsm|state
 10. State Machine - |main|direction_controller:straight_ctrl|state
 11. State Machine - |main|direction_controller:left_ctrl|state
 12. Registers Removed During Synthesis
 13. General Register Statistics
 14. Inverted Register Statistics
 15. Multiplexer Restructuring Statistics (Restructuring Performed)
 16. Port Connectivity Checks: "direction_controller:straight_ctrl"
 17. Port Connectivity Checks: "direction_controller:left_ctrl"
 18. Port Connectivity Checks: "debounce:db0"
 19. Post-Synthesis Netlist Statistics for Top Partition
 20. Elapsed Time Per Partition
 21. Analysis & Synthesis Messages



----------------
; Legal Notice ;
----------------
Copyright (C) 2025  Altera Corporation. All rights reserved.
Your use of Altera Corporation's design tools, logic functions 
and other software and tools, and any partner logic 
functions, and any output files from any of the foregoing 
(including device programming or simulation files), and any 
associated documentation or information are expressly subject 
to the terms and conditions of the Altera Program License 
Subscription Agreement, the Altera Quartus Prime License Agreement,
the Altera IP License Agreement, or other applicable license
agreement, including, without limitation, that your use is for
the sole purpose of programming logic devices manufactured by
Altera and sold by Altera or its authorized distributors.  Please
refer to the Altera Software License Subscription Agreements 
on the Quartus Prime software download page.



+--------------------------------------------------------------------------------------+
; Analysis & Synthesis Summary                                                         ;
+------------------------------------+-------------------------------------------------+
; Analysis & Synthesis Status        ; Successful - Mon Mar 16 04:24:51 2026           ;
; Quartus Prime Version              ; 25.1std.0 Build 1129 10/21/2025 SC Lite Edition ;
; Revision Name                      ; main                                            ;
; Top-level Entity Name              ; main                                            ;
; Family                             ; MAX 10                                          ;
; Total logic elements               ; 166                                             ;
;     Total combinational functions  ; 166                                             ;
;     Dedicated logic registers      ; 78                                              ;
; Total registers                    ; 78                                              ;
; Total pins                         ; 73                                              ;
; Total virtual pins                 ; 0                                               ;
; Total memory bits                  ; 0                                               ;
; Embedded Multiplier 9-bit elements ; 0                                               ;
; Total PLLs                         ; 0                                               ;
; UFM blocks                         ; 0                                               ;
; ADC blocks                         ; 0                                               ;
+------------------------------------+-------------------------------------------------+


+------------------------------------------------------------------------------------------------------------+
; Analysis & Synthesis Settings                                                                              ;
+------------------------------------------------------------------+--------------------+--------------------+
; Option                                                           ; Setting            ; Default Value      ;
+------------------------------------------------------------------+--------------------+--------------------+
; Device                                                           ; 10M50DAF484C7G     ;                    ;
; Top-level entity name                                            ; main               ; main               ;
; Family name                                                      ; MAX 10             ; Cyclone V          ;
; Use smart compilation                                            ; Off                ; Off                ;
; Enable parallel Assembler and Timing Analyzer during compilation ; On                 ; On                 ;
; Enable compact report table                                      ; Off                ; Off                ;
; Restructure Multiplexers                                         ; Auto               ; Auto               ;
; Create Debugging Nodes for IP Cores                              ; Off                ; Off                ;
; Preserve fewer node names                                        ; On                 ; On                 ;
; Intel FPGA IP Evaluation Mode                                    ; Enable             ; Enable             ;
; Verilog Version                                                  ; Verilog_2001       ; Verilog_2001       ;
; VHDL Version                                                     ; VHDL_1993          ; VHDL_1993          ;
; State Machine Processing                                         ; Auto               ; Auto               ;
; Safe State Machine                                               ; Off                ; Off                ;
; Extract Verilog State Machines                                   ; On                 ; On                 ;
; Extract VHDL State Machines                                      ; On                 ; On                 ;
; Ignore Verilog initial constructs                                ; Off                ; Off                ;
; Iteration limit for constant Verilog loops                       ; 5000               ; 5000               ;
; Iteration limit for non-constant Verilog loops                   ; 250                ; 250                ;
; Add Pass-Through Logic to Inferred RAMs                          ; On                 ; On                 ;
; Infer RAMs from Raw Logic                                        ; On                 ; On                 ;
; Parallel Synthesis                                               ; On                 ; On                 ;
; DSP Block Balancing                                              ; Auto               ; Auto               ;
; NOT Gate Push-Back                                               ; On                 ; On                 ;
; Power-Up Don't Care                                              ; On                 ; On                 ;
; Remove Redundant Logic Cells                                     ; Off                ; Off                ;
; Remove Duplicate Registers                                       ; On                 ; On                 ;
; Ignore CARRY Buffers                                             ; Off                ; Off                ;
; Ignore CASCADE Buffers                                           ; Off                ; Off                ;
; Ignore GLOBAL Buffers                                            ; Off                ; Off                ;
; Ignore ROW GLOBAL Buffers                                        ; Off                ; Off                ;
; Ignore LCELL Buffers                                             ; Off                ; Off                ;
; Ignore SOFT Buffers                                              ; On                 ; On                 ;
; Limit AHDL Integers to 32 Bits                                   ; Off                ; Off                ;
; Optimization Technique                                           ; Balanced           ; Balanced           ;
; Carry Chain Length                                               ; 70                 ; 70                 ;
; Auto Carry Chains                                                ; On                 ; On                 ;
; Auto Open-Drain Pins                                             ; On                 ; On                 ;
; Perform WYSIWYG Primitive Resynthesis                            ; Off                ; Off                ;
; Auto ROM Replacement                                             ; On                 ; On                 ;
; Auto RAM Replacement                                             ; On                 ; On                 ;
; Auto DSP Block Replacement                                       ; On                 ; On                 ;
; Auto Shift Register Replacement                                  ; Auto               ; Auto               ;
; Allow Shift Register Merging across Hierarchies                  ; Auto               ; Auto               ;
; Auto Clock Enable Replacement                                    ; On                 ; On                 ;
; Strict RAM Replacement                                           ; Off                ; Off                ;
; Allow Synchronous Control Signals                                ; On                 ; On                 ;
; Force Use of Synchronous Clear Signals                           ; Off                ; Off                ;
; Auto RAM Block Balancing                                         ; On                 ; On                 ;
; Auto RAM to Logic Cell Conversion                                ; Off                ; Off                ;
; Auto Resource Sharing                                            ; Off                ; Off                ;
; Allow Any RAM Size For Recognition                               ; Off                ; Off                ;
; Allow Any ROM Size For Recognition                               ; Off                ; Off                ;
; Allow Any Shift Register Size For Recognition                    ; Off                ; Off                ;
; Use LogicLock Constraints during Resource Balancing              ; On                 ; On                 ;
; Ignore translate_off and synthesis_off directives                ; Off                ; Off                ;
; Timing-Driven Synthesis                                          ; On                 ; On                 ;
; Report Parameter Settings                                        ; On                 ; On                 ;
; Report Source Assignments                                        ; On                 ; On                 ;
; Report Connectivity Checks                                       ; On                 ; On                 ;
; Ignore Maximum Fan-Out Assignments                               ; Off                ; Off                ;
; Synchronization Register Chain Length                            ; 2                  ; 2                  ;
; Power Optimization During Synthesis                              ; Normal compilation ; Normal compilation ;
; HDL message level                                                ; Level2             ; Level2             ;
; Suppress Register Optimization Related Messages                  ; Off                ; Off                ;
; Number of Removed Registers Reported in Synthesis Report         ; 5000               ; 5000               ;
; Number of Swept Nodes Reported in Synthesis Report               ; 5000               ; 5000               ;
; Number of Inverted Registers Reported in Synthesis Report        ; 100                ; 100                ;
; Clock MUX Protection                                             ; On                 ; On                 ;
; Auto Gated Clock Conversion                                      ; Off                ; Off                ;
; Block Design Naming                                              ; Auto               ; Auto               ;
; SDC constraint protection                                        ; Off                ; Off                ;
; Synthesis Effort                                                 ; Auto               ; Auto               ;
; Shift Register Replacement - Allow Asynchronous Clear Signal     ; On                 ; On                 ;
; Pre-Mapping Resynthesis Optimization                             ; Off                ; Off                ;
; Analysis & Synthesis Message Level                               ; Medium             ; Medium             ;
; Disable Register Merging Across Hierarchies                      ; Auto               ; Auto               ;
; Resource Aware Inference For Block RAM                           ; On                 ; On                 ;
+------------------------------------------------------------------+--------------------+--------------------+


+------------------------------------------+
; Parallel Compilation                     ;
+----------------------------+-------------+
; Processors                 ; Number      ;
+----------------------------+-------------+
; Number detected on machine ; 8           ;
; Maximum allowed            ; 4           ;
;                            ;             ;
; Average used               ; 1.00        ;
; Maximum used               ; 4           ;
;                            ;             ;
; Usage by Processor         ; % Time Used ;
;     Processor 1            ; 100.0%      ;
;     Processors 2-4         ;   0.0%      ;
+----------------------------+-------------+


+-------------------------------------------------------------------------------------------------------------------------------------------------------------------------------+
; Analysis & Synthesis Source Files Read                                                                                                                                        ;
+----------------------------------+-----------------+------------------------------+---------------------------------------------------------------------------------+---------+
; File Name with User-Entered Path ; Used in Netlist ; File Type                    ; File Name with Absolute Path                                                    ; Library ;
+----------------------------------+-----------------+------------------------------+---------------------------------------------------------------------------------+---------+
; main.v                           ; yes             ; User Verilog HDL File        ; C:/Users/Lab PC/Desktop/Quartus_Projects/Traffic Light 3/main.v                 ;         ;
; debounce.v                       ; yes             ; User Verilog HDL File        ; C:/Users/Lab PC/Desktop/Quartus_Projects/Traffic Light 3/debounce.v             ;         ;
; bcd_counter.v                    ; yes             ; User Verilog HDL File        ; C:/Users/Lab PC/Desktop/Quartus_Projects/Traffic Light 3/bcd_counter.v          ;         ;
; bcd_to_7seg.v                    ; yes             ; User Verilog HDL File        ; C:/Users/Lab PC/Desktop/Quartus_Projects/Traffic Light 3/bcd_to_7seg.v          ;         ;
; timer_fsm.v                      ; yes             ; User Verilog HDL File        ; C:/Users/Lab PC/Desktop/Quartus_Projects/Traffic Light 3/timer_fsm.v            ;         ;
; direction_controller.v           ; yes             ; Auto-Found Verilog HDL File  ; C:/Users/Lab PC/Desktop/Quartus_Projects/Traffic Light 3/direction_controller.v ;         ;
+----------------------------------+-----------------+------------------------------+---------------------------------------------------------------------------------+---------+


+-------------------------------------------------------------------+
; Analysis & Synthesis Resource Usage Summary                       ;
+---------------------------------------------+---------------------+
; Resource                                    ; Usage               ;
+---------------------------------------------+---------------------+
; Estimated Total logic elements              ; 166                 ;
;                                             ;                     ;
; Total combinational functions               ; 166                 ;
; Logic element usage by number of LUT inputs ;                     ;
;     -- 4 input functions                    ; 81                  ;
;     -- 3 input functions                    ; 27                  ;
;     -- <=2 input functions                  ; 58                  ;
;                                             ;                     ;
; Logic elements by mode                      ;                     ;
;     -- normal mode                          ; 122                 ;
;     -- arithmetic mode                      ; 44                  ;
;                                             ;                     ;
; Total registers                             ; 78                  ;
;     -- Dedicated logic registers            ; 78                  ;
;     -- I/O registers                        ; 0                   ;
;                                             ;                     ;
; I/O pins                                    ; 73                  ;
;                                             ;                     ;
; Embedded Multiplier 9-bit elements          ; 0                   ;
;                                             ;                     ;
; Maximum fan-out node                        ; MAX10_CLK1_50~input ;
; Maximum fan-out                             ; 50                  ;
; Total fan-out                               ; 809                 ;
; Average fan-out                             ; 2.07                ;
+---------------------------------------------+---------------------+


+-------------------------------------------------------------------------------------------------------------------------------------------------------------------------------------------------------------------------------------------------------------------------------+
; Analysis & Synthesis Resource Utilization by Entity                                                                                                                                                                                                                           ;
+-----------------------------------------+---------------------+---------------------------+-------------+------------+--------------+---------+-----------+------+--------------+------------+------------------------------------------+----------------------+--------------+
; Compilation Hierarchy Node              ; Combinational ALUTs ; Dedicated Logic Registers ; Memory Bits ; UFM Blocks ; DSP Elements ; DSP 9x9 ; DSP 18x18 ; Pins ; Virtual Pins ; ADC blocks ; Full Hierarchy Name                      ; Entity Name          ; Library Name ;
+-----------------------------------------+---------------------+---------------------------+-------------+------------+--------------+---------+-----------+------+--------------+------------+------------------------------------------+----------------------+--------------+
; |main                                   ; 166 (67)            ; 78 (29)                   ; 0           ; 0          ; 0            ; 0       ; 0         ; 73   ; 0            ; 0          ; |main                                    ; main                 ; work         ;
;    |bcd_counter:shared_bcd|             ; 14 (14)             ; 8 (8)                     ; 0           ; 0          ; 0            ; 0       ; 0         ; 0    ; 0            ; 0          ; |main|bcd_counter:shared_bcd             ; bcd_counter          ; work         ;
;    |bcd_to_7seg:seg0_display|           ; 7 (7)               ; 0 (0)                     ; 0           ; 0          ; 0            ; 0       ; 0         ; 0    ; 0            ; 0          ; |main|bcd_to_7seg:seg0_display           ; bcd_to_7seg          ; work         ;
;    |bcd_to_7seg:seg1_display|           ; 7 (7)               ; 0 (0)                     ; 0           ; 0          ; 0            ; 0       ; 0         ; 0    ; 0            ; 0          ; |main|bcd_to_7seg:seg1_display           ; bcd_to_7seg          ; work         ;
;    |debounce:db1|                       ; 29 (29)             ; 21 (21)                   ; 0           ; 0          ; 0            ; 0       ; 0         ; 0    ; 0            ; 0          ; |main|debounce:db1                       ; debounce             ; work         ;
;    |direction_controller:left_ctrl|     ; 8 (8)               ; 4 (4)                     ; 0           ; 0          ; 0            ; 0       ; 0         ; 0    ; 0            ; 0          ; |main|direction_controller:left_ctrl     ; direction_controller ; work         ;
;    |direction_controller:straight_ctrl| ; 6 (6)               ; 4 (4)                     ; 0           ; 0          ; 0            ; 0       ; 0         ; 0    ; 0            ; 0          ; |main|direction_controller:straight_ctrl ; direction_controller ; work         ;
;    |timer_fsm:l_fsm|                    ; 14 (14)             ; 6 (6)                     ; 0           ; 0          ; 0            ; 0       ; 0         ; 0    ; 0            ; 0          ; |main|timer_fsm:l_fsm                    ; timer_fsm            ; work         ;
;    |timer_fsm:s_fsm|                    ; 14 (14)             ; 6 (6)                     ; 0           ; 0          ; 0            ; 0       ; 0         ; 0    ; 0            ; 0          ; |main|timer_fsm:s_fsm                    ; timer_fsm            ; work         ;
+-----------------------------------------+---------------------+---------------------------+-------------+------------+--------------+---------+-----------+------+--------------+------------+------------------------------------------+----------------------+--------------+
Note: For table entries with two numbers listed, the numbers in parentheses indicate the number of resources of the given type used by the specific entity alone. The numbers listed outside of parentheses indicate the total resources of the given type used by the specific entity and all of its sub-entities in the hierarchy.


Encoding Type:  One-Hot
+-----------------------------------------------------------+
; State Machine - |main|timer_fsm:s_fsm|state               ;
+---------------+-------------+-------------+---------------+
; Name          ; state.S_RED ; state.S_YEL ; state.S_GREEN ;
+---------------+-------------+-------------+---------------+
; state.S_RED   ; 0           ; 0           ; 0             ;
; state.S_GREEN ; 1           ; 0           ; 1             ;
; state.S_YEL   ; 1           ; 1           ; 0             ;
+---------------+-------------+-------------+---------------+


Encoding Type:  One-Hot
+-----------------------------------------------------------+
; State Machine - |main|timer_fsm:l_fsm|state               ;
+---------------+-------------+-------------+---------------+
; Name          ; state.S_RED ; state.S_YEL ; state.S_GREEN ;
+---------------+-------------+-------------+---------------+
; state.S_RED   ; 0           ; 0           ; 0             ;
; state.S_GREEN ; 1           ; 0           ; 1             ;
; state.S_YEL   ; 1           ; 1           ; 0             ;
+---------------+-------------+-------------+---------------+


Encoding Type:  One-Hot
+----------------------------------------------------------------+
; State Machine - |main|direction_controller:straight_ctrl|state ;
+------------+------------+-----------+--------------------------+
; Name       ; state.IDLE ; state.RUN ; state.PRE                ;
+------------+------------+-----------+--------------------------+
; state.IDLE ; 0          ; 0         ; 0                        ;
; state.PRE  ; 1          ; 0         ; 1                        ;
; state.RUN  ; 1          ; 1         ; 0                        ;
+------------+------------+-----------+--------------------------+


Encoding Type:  One-Hot
+------------------------------------------------------------+
; State Machine - |main|direction_controller:left_ctrl|state ;
+------------+------------+-----------+----------------------+
; Name       ; state.IDLE ; state.RUN ; state.PRE            ;
+------------+------------+-----------+----------------------+
; state.IDLE ; 0          ; 0         ; 0                    ;
; state.PRE  ; 1          ; 0         ; 1                    ;
; state.RUN  ; 1          ; 1         ; 0                    ;
+------------+------------+-----------+----------------------+


+--------------------------------------------------------------------------+
; Registers Removed During Synthesis                                       ;
+---------------------------------------+----------------------------------+
; Register name                         ; Reason for Removal               ;
+---------------------------------------+----------------------------------+
; debounce:db1|stable                   ; Merged with debounce:db1|key_out ;
; Total Number of Removed Registers = 1 ;                                  ;
+---------------------------------------+----------------------------------+


+------------------------------------------------------+
; General Register Statistics                          ;
+----------------------------------------------+-------+
; Statistic                                    ; Value ;
+----------------------------------------------+-------+
; Total registers                              ; 78    ;
; Number of registers using Synchronous Clear  ; 21    ;
; Number of registers using Synchronous Load   ; 0     ;
; Number of registers using Asynchronous Clear ; 20    ;
; Number of registers using Asynchronous Load  ; 0     ;
; Number of registers using Clock Enable       ; 0     ;
; Number of registers using Preset             ; 0     ;
+----------------------------------------------+-------+


+--------------------------------------------------+
; Inverted Register Statistics                     ;
+----------------------------------------+---------+
; Inverted Register                      ; Fan out ;
+----------------------------------------+---------+
; debounce:db1|key_out                   ; 4       ;
; Total number of inverted registers = 1 ;         ;
+----------------------------------------+---------+


+------------------------------------------------------------------------------------------------------------------------------------------------------------------+
; Multiplexer Restructuring Statistics (Restructuring Performed)                                                                                                   ;
+--------------------+-----------+---------------+----------------------+------------------------+------------+----------------------------------------------------+
; Multiplexer Inputs ; Bus Width ; Baseline Area ; Area if Restructured ; Saving if Restructured ; Registered ; Example Multiplexer Output                         ;
+--------------------+-----------+---------------+----------------------+------------------------+------------+----------------------------------------------------+
; 3:1                ; 20 bits   ; 40 LEs        ; 20 LEs               ; 20 LEs                 ; Yes        ; |main|debounce:db1|cnt[4]                          ;
; 5:1                ; 4 bits    ; 12 LEs        ; 8 LEs                ; 4 LEs                  ; Yes        ; |main|bcd_counter:shared_bcd|bcd0[2]               ;
; 6:1                ; 4 bits    ; 16 LEs        ; 8 LEs                ; 8 LEs                  ; Yes        ; |main|bcd_counter:shared_bcd|bcd1[0]               ;
; 7:1                ; 3 bits    ; 12 LEs        ; 3 LEs                ; 9 LEs                  ; Yes        ; |main|timer_fsm:s_fsm|timer[0]                     ;
; 7:1                ; 3 bits    ; 12 LEs        ; 3 LEs                ; 9 LEs                  ; Yes        ; |main|timer_fsm:l_fsm|timer[2]                     ;
; 6:1                ; 3 bits    ; 12 LEs        ; 6 LEs                ; 6 LEs                  ; No         ; |main|direction_controller:straight_ctrl|Selector0 ;
; 6:1                ; 3 bits    ; 12 LEs        ; 6 LEs                ; 6 LEs                  ; No         ; |main|direction_controller:left_ctrl|Selector2     ;
; 7:1                ; 3 bits    ; 12 LEs        ; 9 LEs                ; 3 LEs                  ; No         ; |main|timer_fsm:s_fsm|state                        ;
; 7:1                ; 3 bits    ; 12 LEs        ; 9 LEs                ; 3 LEs                  ; No         ; |main|timer_fsm:l_fsm|state                        ;
+--------------------+-----------+---------------+----------------------+------------------------+------------+----------------------------------------------------+


+------------------------------------------------------------------------------------------------------------------------+
; Port Connectivity Checks: "direction_controller:straight_ctrl"                                                         ;
+--------------+--------+----------+-------------------------------------------------------------------------------------+
; Port         ; Type   ; Severity ; Details                                                                             ;
+--------------+--------+----------+-------------------------------------------------------------------------------------+
; straight_pre ; Input  ; Info     ; Stuck at GND                                                                        ;
; bcd_clear    ; Output ; Info     ; Connected to dangling logic. Logic that only feeds a dangling port will be removed. ;
; bcd_enable   ; Output ; Info     ; Connected to dangling logic. Logic that only feeds a dangling port will be removed. ;
+--------------+--------+----------+-------------------------------------------------------------------------------------+


+----------------------------------------------------------------------------------------------------------------------+
; Port Connectivity Checks: "direction_controller:left_ctrl"                                                           ;
+------------+--------+----------+-------------------------------------------------------------------------------------+
; Port       ; Type   ; Severity ; Details                                                                             ;
+------------+--------+----------+-------------------------------------------------------------------------------------+
; bcd_clear  ; Output ; Info     ; Connected to dangling logic. Logic that only feeds a dangling port will be removed. ;
; bcd_enable ; Output ; Info     ; Connected to dangling logic. Logic that only feeds a dangling port will be removed. ;
+------------+--------+----------+-------------------------------------------------------------------------------------+


+-------------------------------------------------------------------------------------------------------------------+
; Port Connectivity Checks: "debounce:db0"                                                                          ;
+---------+--------+----------+-------------------------------------------------------------------------------------+
; Port    ; Type   ; Severity ; Details                                                                             ;
+---------+--------+----------+-------------------------------------------------------------------------------------+
; key_out ; Output ; Info     ; Connected to dangling logic. Logic that only feeds a dangling port will be removed. ;
+---------+--------+----------+-------------------------------------------------------------------------------------+


+-----------------------------------------------------+
; Post-Synthesis Netlist Statistics for Top Partition ;
+-----------------------+-----------------------------+
; Type                  ; Count                       ;
+-----------------------+-----------------------------+
; boundary_port         ; 73                          ;
; cycloneiii_ff         ; 78                          ;
;     CLR               ; 20                          ;
;     SCLR              ; 21                          ;
;     plain             ; 37                          ;
; cycloneiii_lcell_comb ; 171                         ;
;     arith             ; 44                          ;
;         2 data inputs ; 44                          ;
;     normal            ; 127                         ;
;         0 data inputs ; 1                           ;
;         1 data inputs ; 7                           ;
;         2 data inputs ; 11                          ;
;         3 data inputs ; 27                          ;
;         4 data inputs ; 81                          ;
;                       ;                             ;
; Max LUT depth         ; 4.40                        ;
; Average LUT depth     ; 3.07                        ;
+-----------------------+-----------------------------+


+-------------------------------+
; Elapsed Time Per Partition    ;
+----------------+--------------+
; Partition Name ; Elapsed Time ;
+----------------+--------------+
; Top            ; 00:00:00     ;
+----------------+--------------+


+-------------------------------+
; Analysis & Synthesis Messages ;
+-------------------------------+
Info: *******************************************************************
Info: Running Quartus Prime Analysis & Synthesis
    Info: Version 25.1std.0 Build 1129 10/21/2025 SC Lite Edition
    Info: Processing started: Mon Mar 16 04:24:42 2026
Info: Command: quartus_map --read_settings_files=on --write_settings_files=off main -c main
Warning (18236): Number of processors has not been specified which may cause overloading on shared machines.  Set the global assignment NUM_PARALLEL_PROCESSORS in your QSF to an appropriate value for best performance.
Info (20030): Parallel compilation is enabled and will use 4 of the 4 processors detected
Info (12021): Found 1 design units, including 1 entities, in source file main.v
    Info (12023): Found entity 1: main File: C:/Users/Lab PC/Desktop/Quartus_Projects/Traffic Light 3/main.v Line: 1
Info (12021): Found 1 design units, including 1 entities, in source file debounce.v
    Info (12023): Found entity 1: debounce File: C:/Users/Lab PC/Desktop/Quartus_Projects/Traffic Light 3/debounce.v Line: 1
Info (12021): Found 1 design units, including 1 entities, in source file led_control.v
    Info (12023): Found entity 1: led_control File: C:/Users/Lab PC/Desktop/Quartus_Projects/Traffic Light 3/led_control.v Line: 1
Info (12021): Found 1 design units, including 1 entities, in source file clock_divider.v
    Info (12023): Found entity 1: clock_divider File: C:/Users/Lab PC/Desktop/Quartus_Projects/Traffic Light 3/clock_divider.v Line: 1
Info (12021): Found 1 design units, including 1 entities, in source file bcd_counter.v
    Info (12023): Found entity 1: bcd_counter File: C:/Users/Lab PC/Desktop/Quartus_Projects/Traffic Light 3/bcd_counter.v Line: 1
Info (12021): Found 1 design units, including 1 entities, in source file bcd_to_7seg.v
    Info (12023): Found entity 1: bcd_to_7seg File: C:/Users/Lab PC/Desktop/Quartus_Projects/Traffic Light 3/bcd_to_7seg.v Line: 1
Info (12021): Found 1 design units, including 1 entities, in source file timer_fsm.v
    Info (12023): Found entity 1: timer_fsm File: C:/Users/Lab PC/Desktop/Quartus_Projects/Traffic Light 3/timer_fsm.v Line: 1
Info (12127): Elaborating entity "main" for the top level hierarchy
Warning (10036): Verilog HDL or VHDL warning at main.v(61): object "start_left" assigned a value but never read File: C:/Users/Lab PC/Desktop/Quartus_Projects/Traffic Light 3/main.v Line: 61
Warning (10036): Verilog HDL or VHDL warning at main.v(62): object "start_straight" assigned a value but never read File: C:/Users/Lab PC/Desktop/Quartus_Projects/Traffic Light 3/main.v Line: 62
Warning (10036): Verilog HDL or VHDL warning at main.v(138): object "use_straight" assigned a value but never read File: C:/Users/Lab PC/Desktop/Quartus_Projects/Traffic Light 3/main.v Line: 138
Warning (10036): Verilog HDL or VHDL warning at main.v(139): object "use_left" assigned a value but never read File: C:/Users/Lab PC/Desktop/Quartus_Projects/Traffic Light 3/main.v Line: 139
Warning (10230): Verilog HDL assignment warning at main.v(76): truncated value with size 32 to match size of target (26) File: C:/Users/Lab PC/Desktop/Quartus_Projects/Traffic Light 3/main.v Line: 76
Warning (10230): Verilog HDL assignment warning at main.v(213): truncated value with size 32 to match size of target (1) File: C:/Users/Lab PC/Desktop/Quartus_Projects/Traffic Light 3/main.v Line: 213
Warning (10230): Verilog HDL assignment warning at main.v(223): truncated value with size 32 to match size of target (1) File: C:/Users/Lab PC/Desktop/Quartus_Projects/Traffic Light 3/main.v Line: 223
Warning (10230): Verilog HDL assignment warning at main.v(224): truncated value with size 32 to match size of target (1) File: C:/Users/Lab PC/Desktop/Quartus_Projects/Traffic Light 3/main.v Line: 224
Warning (10230): Verilog HDL assignment warning at main.v(225): truncated value with size 32 to match size of target (1) File: C:/Users/Lab PC/Desktop/Quartus_Projects/Traffic Light 3/main.v Line: 225
Warning (10230): Verilog HDL assignment warning at main.v(228): truncated value with size 32 to match size of target (1) File: C:/Users/Lab PC/Desktop/Quartus_Projects/Traffic Light 3/main.v Line: 228
Warning (10230): Verilog HDL assignment warning at main.v(229): truncated value with size 32 to match size of target (1) File: C:/Users/Lab PC/Desktop/Quartus_Projects/Traffic Light 3/main.v Line: 229
Warning (10230): Verilog HDL assignment warning at main.v(230): truncated value with size 32 to match size of target (1) File: C:/Users/Lab PC/Desktop/Quartus_Projects/Traffic Light 3/main.v Line: 230
Warning (10034): Output port "LEDR[8..0]" at main.v(5) has no driver File: C:/Users/Lab PC/Desktop/Quartus_Projects/Traffic Light 3/main.v Line: 5
Warning (10034): Output port "GPIO[35..6]" at main.v(9) has no driver File: C:/Users/Lab PC/Desktop/Quartus_Projects/Traffic Light 3/main.v Line: 9
Info (12128): Elaborating entity "debounce" for hierarchy "debounce:db0" File: C:/Users/Lab PC/Desktop/Quartus_Projects/Traffic Light 3/main.v Line: 21
Warning (10230): Verilog HDL assignment warning at debounce.v(11): truncated value with size 32 to match size of target (20) File: C:/Users/Lab PC/Desktop/Quartus_Projects/Traffic Light 3/debounce.v Line: 11
Warning (12125): Using design file direction_controller.v, which is not specified as a design file for the current project, but contains definitions for 1 design units and 1 entities in project
    Info (12023): Found entity 1: direction_controller File: C:/Users/Lab PC/Desktop/Quartus_Projects/Traffic Light 3/direction_controller.v Line: 1
Info (12128): Elaborating entity "direction_controller" for hierarchy "direction_controller:left_ctrl" File: C:/Users/Lab PC/Desktop/Quartus_Projects/Traffic Light 3/main.v Line: 111
Info (12128): Elaborating entity "bcd_counter" for hierarchy "bcd_counter:shared_bcd" File: C:/Users/Lab PC/Desktop/Quartus_Projects/Traffic Light 3/main.v Line: 160
Warning (10230): Verilog HDL assignment warning at bcd_counter.v(20): truncated value with size 32 to match size of target (4) File: C:/Users/Lab PC/Desktop/Quartus_Projects/Traffic Light 3/bcd_counter.v Line: 20
Warning (10230): Verilog HDL assignment warning at bcd_counter.v(23): truncated value with size 32 to match size of target (4) File: C:/Users/Lab PC/Desktop/Quartus_Projects/Traffic Light 3/bcd_counter.v Line: 23
Info (12128): Elaborating entity "bcd_to_7seg" for hierarchy "bcd_to_7seg:seg0_display" File: C:/Users/Lab PC/Desktop/Quartus_Projects/Traffic Light 3/main.v Line: 180
Info (12128): Elaborating entity "timer_fsm" for hierarchy "timer_fsm:l_fsm" File: C:/Users/Lab PC/Desktop/Quartus_Projects/Traffic Light 3/main.v Line: 199
Warning (10230): Verilog HDL assignment warning at timer_fsm.v(34): truncated value with size 32 to match size of target (3) File: C:/Users/Lab PC/Desktop/Quartus_Projects/Traffic Light 3/timer_fsm.v Line: 34
Warning (10230): Verilog HDL assignment warning at timer_fsm.v(43): truncated value with size 32 to match size of target (3) File: C:/Users/Lab PC/Desktop/Quartus_Projects/Traffic Light 3/timer_fsm.v Line: 43
Warning (10230): Verilog HDL assignment warning at timer_fsm.v(52): truncated value with size 32 to match size of target (3) File: C:/Users/Lab PC/Desktop/Quartus_Projects/Traffic Light 3/timer_fsm.v Line: 52
Warning (13024): Output pins are stuck at VCC or GND
    Warning (13410): Pin "LEDR[0]" is stuck at GND File: C:/Users/Lab PC/Desktop/Quartus_Projects/Traffic Light 3/main.v Line: 5
    Warning (13410): Pin "LEDR[1]" is stuck at GND File: C:/Users/Lab PC/Desktop/Quartus_Projects/Traffic Light 3/main.v Line: 5
    Warning (13410): Pin "LEDR[2]" is stuck at GND File: C:/Users/Lab PC/Desktop/Quartus_Projects/Traffic Light 3/main.v Line: 5
    Warning (13410): Pin "LEDR[3]" is stuck at GND File: C:/Users/Lab PC/Desktop/Quartus_Projects/Traffic Light 3/main.v Line: 5
    Warning (13410): Pin "LEDR[4]" is stuck at GND File: C:/Users/Lab PC/Desktop/Quartus_Projects/Traffic Light 3/main.v Line: 5
    Warning (13410): Pin "LEDR[5]" is stuck at GND File: C:/Users/Lab PC/Desktop/Quartus_Projects/Traffic Light 3/main.v Line: 5
    Warning (13410): Pin "LEDR[6]" is stuck at GND File: C:/Users/Lab PC/Desktop/Quartus_Projects/Traffic Light 3/main.v Line: 5
    Warning (13410): Pin "LEDR[7]" is stuck at GND File: C:/Users/Lab PC/Desktop/Quartus_Projects/Traffic Light 3/main.v Line: 5
    Warning (13410): Pin "LEDR[8]" is stuck at GND File: C:/Users/Lab PC/Desktop/Quartus_Projects/Traffic Light 3/main.v Line: 5
    Warning (13410): Pin "GPIO[6]" is stuck at GND File: C:/Users/Lab PC/Desktop/Quartus_Projects/Traffic Light 3/main.v Line: 9
    Warning (13410): Pin "GPIO[7]" is stuck at GND File: C:/Users/Lab PC/Desktop/Quartus_Projects/Traffic Light 3/main.v Line: 9
    Warning (13410): Pin "GPIO[8]" is stuck at GND File: C:/Users/Lab PC/Desktop/Quartus_Projects/Traffic Light 3/main.v Line: 9
    Warning (13410): Pin "GPIO[9]" is stuck at GND File: C:/Users/Lab PC/Desktop/Quartus_Projects/Traffic Light 3/main.v Line: 9
    Warning (13410): Pin "GPIO[10]" is stuck at GND File: C:/Users/Lab PC/Desktop/Quartus_Projects/Traffic Light 3/main.v Line: 9
    Warning (13410): Pin "GPIO[11]" is stuck at GND File: C:/Users/Lab PC/Desktop/Quartus_Projects/Traffic Light 3/main.v Line: 9
    Warning (13410): Pin "GPIO[12]" is stuck at GND File: C:/Users/Lab PC/Desktop/Quartus_Projects/Traffic Light 3/main.v Line: 9
    Warning (13410): Pin "GPIO[13]" is stuck at GND File: C:/Users/Lab PC/Desktop/Quartus_Projects/Traffic Light 3/main.v Line: 9
    Warning (13410): Pin "GPIO[14]" is stuck at GND File: C:/Users/Lab PC/Desktop/Quartus_Projects/Traffic Light 3/main.v Line: 9
    Warning (13410): Pin "GPIO[15]" is stuck at GND File: C:/Users/Lab PC/Desktop/Quartus_Projects/Traffic Light 3/main.v Line: 9
    Warning (13410): Pin "GPIO[16]" is stuck at GND File: C:/Users/Lab PC/Desktop/Quartus_Projects/Traffic Light 3/main.v Line: 9
    Warning (13410): Pin "GPIO[17]" is stuck at GND File: C:/Users/Lab PC/Desktop/Quartus_Projects/Traffic Light 3/main.v Line: 9
    Warning (13410): Pin "GPIO[18]" is stuck at GND File: C:/Users/Lab PC/Desktop/Quartus_Projects/Traffic Light 3/main.v Line: 9
    Warning (13410): Pin "GPIO[19]" is stuck at GND File: C:/Users/Lab PC/Desktop/Quartus_Projects/Traffic Light 3/main.v Line: 9
    Warning (13410): Pin "GPIO[20]" is stuck at GND File: C:/Users/Lab PC/Desktop/Quartus_Projects/Traffic Light 3/main.v Line: 9
    Warning (13410): Pin "GPIO[21]" is stuck at GND File: C:/Users/Lab PC/Desktop/Quartus_Projects/Traffic Light 3/main.v Line: 9
    Warning (13410): Pin "GPIO[22]" is stuck at GND File: C:/Users/Lab PC/Desktop/Quartus_Projects/Traffic Light 3/main.v Line: 9
    Warning (13410): Pin "GPIO[23]" is stuck at GND File: C:/Users/Lab PC/Desktop/Quartus_Projects/Traffic Light 3/main.v Line: 9
    Warning (13410): Pin "GPIO[24]" is stuck at GND File: C:/Users/Lab PC/Desktop/Quartus_Projects/Traffic Light 3/main.v Line: 9
    Warning (13410): Pin "GPIO[25]" is stuck at GND File: C:/Users/Lab PC/Desktop/Quartus_Projects/Traffic Light 3/main.v Line: 9
    Warning (13410): Pin "GPIO[26]" is stuck at GND File: C:/Users/Lab PC/Desktop/Quartus_Projects/Traffic Light 3/main.v Line: 9
    Warning (13410): Pin "GPIO[27]" is stuck at GND File: C:/Users/Lab PC/Desktop/Quartus_Projects/Traffic Light 3/main.v Line: 9
    Warning (13410): Pin "GPIO[28]" is stuck at GND File: C:/Users/Lab PC/Desktop/Quartus_Projects/Traffic Light 3/main.v Line: 9
    Warning (13410): Pin "GPIO[29]" is stuck at GND File: C:/Users/Lab PC/Desktop/Quartus_Projects/Traffic Light 3/main.v Line: 9
    Warning (13410): Pin "GPIO[30]" is stuck at GND File: C:/Users/Lab PC/Desktop/Quartus_Projects/Traffic Light 3/main.v Line: 9
    Warning (13410): Pin "GPIO[31]" is stuck at GND File: C:/Users/Lab PC/Desktop/Quartus_Projects/Traffic Light 3/main.v Line: 9
    Warning (13410): Pin "GPIO[32]" is stuck at GND File: C:/Users/Lab PC/Desktop/Quartus_Projects/Traffic Light 3/main.v Line: 9
    Warning (13410): Pin "GPIO[33]" is stuck at GND File: C:/Users/Lab PC/Desktop/Quartus_Projects/Traffic Light 3/main.v Line: 9
    Warning (13410): Pin "GPIO[34]" is stuck at GND File: C:/Users/Lab PC/Desktop/Quartus_Projects/Traffic Light 3/main.v Line: 9
    Warning (13410): Pin "GPIO[35]" is stuck at GND File: C:/Users/Lab PC/Desktop/Quartus_Projects/Traffic Light 3/main.v Line: 9
Info (286030): Timing-Driven Synthesis is running
Warning (20013): Ignored 209 assignments for entity "DE10_LITE_Golden_Top" -- entity does not exist in design
    Warning (20014): Assignment for entity set_instance_assignment -name IO_STANDARD "3.3-V LVTTL" -to ADC_CLK_10 -entity DE10_LITE_Golden_Top was ignored
    Warning (20014): Assignment for entity set_instance_assignment -name IO_STANDARD "3.3-V LVTTL" -to ARDUINO_IO[0] -entity DE10_LITE_Golden_Top was ignored
    Warning (20014): Assignment for entity set_instance_assignment -name IO_STANDARD "3.3-V LVTTL" -to ARDUINO_IO[10] -entity DE10_LITE_Golden_Top was ignored
    Warning (20014): Assignment for entity set_instance_assignment -name IO_STANDARD "3.3-V LVTTL" -to ARDUINO_IO[11] -entity DE10_LITE_Golden_Top was ignored
    Warning (20014): Assignment for entity set_instance_assignment -name IO_STANDARD "3.3-V LVTTL" -to ARDUINO_IO[12] -entity DE10_LITE_Golden_Top was ignored
    Warning (20014): Assignment for entity set_instance_assignment -name IO_STANDARD "3.3-V LVTTL" -to ARDUINO_IO[13] -entity DE10_LITE_Golden_Top was ignored
    Warning (20014): Assignment for entity set_instance_assignment -name IO_STANDARD "3.3-V LVTTL" -to ARDUINO_IO[14] -entity DE10_LITE_Golden_Top was ignored
    Warning (20014): Assignment for entity set_instance_assignment -name IO_STANDARD "3.3-V LVTTL" -to ARDUINO_IO[15] -entity DE10_LITE_Golden_Top was ignored
    Warning (20014): Assignment for entity set_instance_assignment -name IO_STANDARD "3.3-V LVTTL" -to ARDUINO_IO[1] -entity DE10_LITE_Golden_Top was ignored
    Warning (20014): Assignment for entity set_instance_assignment -name IO_STANDARD "3.3-V LVTTL" -to ARDUINO_IO[2] -entity DE10_LITE_Golden_Top was ignored
    Warning (20014): Assignment for entity set_instance_assignment -name IO_STANDARD "3.3-V LVTTL" -to ARDUINO_IO[3] -entity DE10_LITE_Golden_Top was ignored
    Warning (20014): Assignment for entity set_instance_assignment -name IO_STANDARD "3.3-V LVTTL" -to ARDUINO_IO[4] -entity DE10_LITE_Golden_Top was ignored
    Warning (20014): Assignment for entity set_instance_assignment -name IO_STANDARD "3.3-V LVTTL" -to ARDUINO_IO[5] -entity DE10_LITE_Golden_Top was ignored
    Warning (20014): Assignment for entity set_instance_assignment -name IO_STANDARD "3.3-V LVTTL" -to ARDUINO_IO[6] -entity DE10_LITE_Golden_Top was ignored
    Warning (20014): Assignment for entity set_instance_assignment -name IO_STANDARD "3.3-V LVTTL" -to ARDUINO_IO[7] -entity DE10_LITE_Golden_Top was ignored
    Warning (20014): Assignment for entity set_instance_assignment -name IO_STANDARD "3.3-V LVTTL" -to ARDUINO_IO[8] -entity DE10_LITE_Golden_Top was ignored
    Warning (20014): Assignment for entity set_instance_assignment -name IO_STANDARD "3.3-V LVTTL" -to ARDUINO_IO[9] -entity DE10_LITE_Golden_Top was ignored
    Warning (20014): Assignment for entity set_instance_assignment -name IO_STANDARD "3.3-V LVTTL" -to ARDUINO_RESET_N -entity DE10_LITE_Golden_Top was ignored
    Warning (20014): Assignment for entity set_instance_assignment -name IO_STANDARD "3.3-V LVTTL" -to DRAM_ADDR[0] -entity DE10_LITE_Golden_Top was ignored
    Warning (20014): Assignment for entity set_instance_assignment -name IO_STANDARD "3.3-V LVTTL" -to DRAM_ADDR[10] -entity DE10_LITE_Golden_Top was ignored
    Warning (20014): Assignment for entity set_instance_assignment -name IO_STANDARD "3.3-V LVTTL" -to DRAM_ADDR[11] -entity DE10_LITE_Golden_Top was ignored
    Warning (20014): Assignment for entity set_instance_assignment -name IO_STANDARD "3.3-V LVTTL" -to DRAM_ADDR[12] -entity DE10_LITE_Golden_Top was ignored
    Warning (20014): Assignment for entity set_instance_assignment -name IO_STANDARD "3.3-V LVTTL" -to DRAM_ADDR[1] -entity DE10_LITE_Golden_Top was ignored
    Warning (20014): Assignment for entity set_instance_assignment -name IO_STANDARD "3.3-V LVTTL" -to DRAM_ADDR[2] -entity DE10_LITE_Golden_Top was ignored
    Warning (20014): Assignment for entity set_instance_assignment -name IO_STANDARD "3.3-V LVTTL" -to DRAM_ADDR[3] -entity DE10_LITE_Golden_Top was ignored
    Warning (20014): Assignment for entity set_instance_assignment -name IO_STANDARD "3.3-V LVTTL" -to DRAM_ADDR[4] -entity DE10_LITE_Golden_Top was ignored
    Warning (20014): Assignment for entity set_instance_assignment -name IO_STANDARD "3.3-V LVTTL" -to DRAM_ADDR[5] -entity DE10_LITE_Golden_Top was ignored
    Warning (20014): Assignment for entity set_instance_assignment -name IO_STANDARD "3.3-V LVTTL" -to DRAM_ADDR[6] -entity DE10_LITE_Golden_Top was ignored
    Warning (20014): Assignment for entity set_instance_assignment -name IO_STANDARD "3.3-V LVTTL" -to DRAM_ADDR[7] -entity DE10_LITE_Golden_Top was ignored
    Warning (20014): Assignment for entity set_instance_assignment -name IO_STANDARD "3.3-V LVTTL" -to DRAM_ADDR[8] -entity DE10_LITE_Golden_Top was ignored
    Warning (20014): Assignment for entity set_instance_assignment -name IO_STANDARD "3.3-V LVTTL" -to DRAM_ADDR[9] -entity DE10_LITE_Golden_Top was ignored
    Warning (20014): Assignment for entity set_instance_assignment -name IO_STANDARD "3.3-V LVTTL" -to DRAM_BA[0] -entity DE10_LITE_Golden_Top was ignored
    Warning (20014): Assignment for entity set_instance_assignment -name IO_STANDARD "3.3-V LVTTL" -to DRAM_BA[1] -entity DE10_LITE_Golden_Top was ignored
    Warning (20014): Assignment for entity set_instance_assignment -name IO_STANDARD "3.3-V LVTTL" -to DRAM_CAS_N -entity DE10_LITE_Golden_Top was ignored
    Warning (20014): Assignment for entity set_instance_assignment -name IO_STANDARD "3.3-V LVTTL" -to DRAM_CKE -entity DE10_LITE_Golden_Top was ignored
    Warning (20014): Assignment for entity set_instance_assignment -name IO_STANDARD "3.3-V LVTTL" -to DRAM_CLK -entity DE10_LITE_Golden_Top was ignored
    Warning (20014): Assignment for entity set_instance_assignment -name IO_STANDARD "3.3-V LVTTL" -to DRAM_CS_N -entity DE10_LITE_Golden_Top was ignored
    Warning (20014): Assignment for entity set_instance_assignment -name IO_STANDARD "3.3-V LVTTL" -to DRAM_DQ[0] -entity DE10_LITE_Golden_Top was ignored
    Warning (20014): Assignment for entity set_instance_assignment -name IO_STANDARD "3.3-V LVTTL" -to DRAM_DQ[10] -entity DE10_LITE_Golden_Top was ignored
    Warning (20014): Assignment for entity set_instance_assignment -name IO_STANDARD "3.3-V LVTTL" -to DRAM_DQ[11] -entity DE10_LITE_Golden_Top was ignored
    Warning (20014): Assignment for entity set_instance_assignment -name IO_STANDARD "3.3-V LVTTL" -to DRAM_DQ[12] -entity DE10_LITE_Golden_Top was ignored
    Warning (20014): Assignment for entity set_instance_assignment -name IO_STANDARD "3.3-V LVTTL" -to DRAM_DQ[13] -entity DE10_LITE_Golden_Top was ignored
    Warning (20014): Assignment for entity set_instance_assignment -name IO_STANDARD "3.3-V LVTTL" -to DRAM_DQ[14] -entity DE10_LITE_Golden_Top was ignored
    Warning (20014): Assignment for entity set_instance_assignment -name IO_STANDARD "3.3-V LVTTL" -to DRAM_DQ[15] -entity DE10_LITE_Golden_Top was ignored
    Warning (20014): Assignment for entity set_instance_assignment -name IO_STANDARD "3.3-V LVTTL" -to DRAM_DQ[1] -entity DE10_LITE_Golden_Top was ignored
    Warning (20014): Assignment for entity set_instance_assignment -name IO_STANDARD "3.3-V LVTTL" -to DRAM_DQ[2] -entity DE10_LITE_Golden_Top was ignored
    Warning (20014): Assignment for entity set_instance_assignment -name IO_STANDARD "3.3-V LVTTL" -to DRAM_DQ[3] -entity DE10_LITE_Golden_Top was ignored
    Warning (20014): Assignment for entity set_instance_assignment -name IO_STANDARD "3.3-V LVTTL" -to DRAM_DQ[4] -entity DE10_LITE_Golden_Top was ignored
    Warning (20014): Assignment for entity set_instance_assignment -name IO_STANDARD "3.3-V LVTTL" -to DRAM_DQ[5] -entity DE10_LITE_Golden_Top was ignored
    Warning (20014): Assignment for entity set_instance_assignment -name IO_STANDARD "3.3-V LVTTL" -to DRAM_DQ[6] -entity DE10_LITE_Golden_Top was ignored
    Warning (20014): Assignment for entity set_instance_assignment -name IO_STANDARD "3.3-V LVTTL" -to DRAM_DQ[7] -entity DE10_LITE_Golden_Top was ignored
    Warning (20014): Assignment for entity set_instance_assignment -name IO_STANDARD "3.3-V LVTTL" -to DRAM_DQ[8] -entity DE10_LITE_Golden_Top was ignored
    Warning (20014): Assignment for entity set_instance_assignment -name IO_STANDARD "3.3-V LVTTL" -to DRAM_DQ[9] -entity DE10_LITE_Golden_Top was ignored
    Warning (20014): Assignment for entity set_instance_assignment -name IO_STANDARD "3.3-V LVTTL" -to DRAM_LDQM -entity DE10_LITE_Golden_Top was ignored
    Warning (20014): Assignment for entity set_instance_assignment -name IO_STANDARD "3.3-V LVTTL" -to DRAM_RAS_N -entity DE10_LITE_Golden_Top was ignored
    Warning (20014): Assignment for entity set_instance_assignment -name IO_STANDARD "3.3-V LVTTL" -to DRAM_UDQM -entity DE10_LITE_Golden_Top was ignored
    Warning (20014): Assignment for entity set_instance_assignment -name IO_STANDARD "3.3-V LVTTL" -to DRAM_WE_N -entity DE10_LITE_Golden_Top was ignored
    Warning (20014): Assignment for entity set_instance_assignment -name IO_STANDARD "3.3-V LVTTL" -to GPIO[0] -entity DE10_LITE_Golden_Top was ignored
    Warning (20014): Assignment for entity set_instance_assignment -name IO_STANDARD "3.3-V LVTTL" -to GPIO[10] -entity DE10_LITE_Golden_Top was ignored
    Warning (20014): Assignment for entity set_instance_assignment -name IO_STANDARD "3.3-V LVTTL" -to GPIO[11] -entity DE10_LITE_Golden_Top was ignored
    Warning (20014): Assignment for entity set_instance_assignment -name IO_STANDARD "3.3-V LVTTL" -to GPIO[12] -entity DE10_LITE_Golden_Top was ignored
    Warning (20014): Assignment for entity set_instance_assignment -name IO_STANDARD "3.3-V LVTTL" -to GPIO[13] -entity DE10_LITE_Golden_Top was ignored
    Warning (20014): Assignment for entity set_instance_assignment -name IO_STANDARD "3.3-V LVTTL" -to GPIO[14] -entity DE10_LITE_Golden_Top was ignored
    Warning (20014): Assignment for entity set_instance_assignment -name IO_STANDARD "3.3-V LVTTL" -to GPIO[15] -entity DE10_LITE_Golden_Top was ignored
    Warning (20014): Assignment for entity set_instance_assignment -name IO_STANDARD "3.3-V LVTTL" -to GPIO[16] -entity DE10_LITE_Golden_Top was ignored
    Warning (20014): Assignment for entity set_instance_assignment -name IO_STANDARD "3.3-V LVTTL" -to GPIO[17] -entity DE10_LITE_Golden_Top was ignored
    Warning (20014): Assignment for entity set_instance_assignment -name IO_STANDARD "3.3-V LVTTL" -to GPIO[18] -entity DE10_LITE_Golden_Top was ignored
    Warning (20014): Assignment for entity set_instance_assignment -name IO_STANDARD "3.3-V LVTTL" -to GPIO[19] -entity DE10_LITE_Golden_Top was ignored
    Warning (20014): Assignment for entity set_instance_assignment -name IO_STANDARD "3.3-V LVTTL" -to GPIO[1] -entity DE10_LITE_Golden_Top was ignored
    Warning (20014): Assignment for entity set_instance_assignment -name IO_STANDARD "3.3-V LVTTL" -to GPIO[20] -entity DE10_LITE_Golden_Top was ignored
    Warning (20014): Assignment for entity set_instance_assignment -name IO_STANDARD "3.3-V LVTTL" -to GPIO[21] -entity DE10_LITE_Golden_Top was ignored
    Warning (20014): Assignment for entity set_instance_assignment -name IO_STANDARD "3.3-V LVTTL" -to GPIO[22] -entity DE10_LITE_Golden_Top was ignored
    Warning (20014): Assignment for entity set_instance_assignment -name IO_STANDARD "3.3-V LVTTL" -to GPIO[23] -entity DE10_LITE_Golden_Top was ignored
    Warning (20014): Assignment for entity set_instance_assignment -name IO_STANDARD "3.3-V LVTTL" -to GPIO[24] -entity DE10_LITE_Golden_Top was ignored
    Warning (20014): Assignment for entity set_instance_assignment -name IO_STANDARD "3.3-V LVTTL" -to GPIO[25] -entity DE10_LITE_Golden_Top was ignored
    Warning (20014): Assignment for entity set_instance_assignment -name IO_STANDARD "3.3-V LVTTL" -to GPIO[26] -entity DE10_LITE_Golden_Top was ignored
    Warning (20014): Assignment for entity set_instance_assignment -name IO_STANDARD "3.3-V LVTTL" -to GPIO[27] -entity DE10_LITE_Golden_Top was ignored
    Warning (20014): Assignment for entity set_instance_assignment -name IO_STANDARD "3.3-V LVTTL" -to GPIO[28] -entity DE10_LITE_Golden_Top was ignored
    Warning (20014): Assignment for entity set_instance_assignment -name IO_STANDARD "3.3-V LVTTL" -to GPIO[29] -entity DE10_LITE_Golden_Top was ignored
    Warning (20014): Assignment for entity set_instance_assignment -name IO_STANDARD "3.3-V LVTTL" -to GPIO[2] -entity DE10_LITE_Golden_Top was ignored
    Warning (20014): Assignment for entity set_instance_assignment -name IO_STANDARD "3.3-V LVTTL" -to GPIO[30] -entity DE10_LITE_Golden_Top was ignored
    Warning (20014): Assignment for entity set_instance_assignment -name IO_STANDARD "3.3-V LVTTL" -to GPIO[31] -entity DE10_LITE_Golden_Top was ignored
    Warning (20014): Assignment for entity set_instance_assignment -name IO_STANDARD "3.3-V LVTTL" -to GPIO[32] -entity DE10_LITE_Golden_Top was ignored
    Warning (20014): Assignment for entity set_instance_assignment -name IO_STANDARD "3.3-V LVTTL" -to GPIO[33] -entity DE10_LITE_Golden_Top was ignored
    Warning (20014): Assignment for entity set_instance_assignment -name IO_STANDARD "3.3-V LVTTL" -to GPIO[34] -entity DE10_LITE_Golden_Top was ignored
    Warning (20014): Assignment for entity set_instance_assignment -name IO_STANDARD "3.3-V LVTTL" -to GPIO[35] -entity DE10_LITE_Golden_Top was ignored
    Warning (20014): Assignment for entity set_instance_assignment -name IO_STANDARD "3.3-V LVTTL" -to GPIO[3] -entity DE10_LITE_Golden_Top was ignored
    Warning (20014): Assignment for entity set_instance_assignment -name IO_STANDARD "3.3-V LVTTL" -to GPIO[4] -entity DE10_LITE_Golden_Top was ignored
    Warning (20014): Assignment for entity set_instance_assignment -name IO_STANDARD "3.3-V LVTTL" -to GPIO[5] -entity DE10_LITE_Golden_Top was ignored
    Warning (20014): Assignment for entity set_instance_assignment -name IO_STANDARD "3.3-V LVTTL" -to GPIO[6] -entity DE10_LITE_Golden_Top was ignored
    Warning (20014): Assignment for entity set_instance_assignment -name IO_STANDARD "3.3-V LVTTL" -to GPIO[7] -entity DE10_LITE_Golden_Top was ignored
    Warning (20014): Assignment for entity set_instance_assignment -name IO_STANDARD "3.3-V LVTTL" -to GPIO[8] -entity DE10_LITE_Golden_Top was ignored
    Warning (20014): Assignment for entity set_instance_assignment -name IO_STANDARD "3.3-V LVTTL" -to GPIO[9] -entity DE10_LITE_Golden_Top was ignored
    Warning (20014): Assignment for entity set_instance_assignment -name IO_STANDARD "3.3-V LVTTL" -to GSENSOR_CS_N -entity DE10_LITE_Golden_Top was ignored
    Warning (20014): Assignment for entity set_instance_assignment -name IO_STANDARD "3.3-V LVTTL" -to GSENSOR_INT[1] -entity DE10_LITE_Golden_Top was ignored
    Warning (20014): Assignment for entity set_instance_assignment -name IO_STANDARD "3.3-V LVTTL" -to GSENSOR_INT[2] -entity DE10_LITE_Golden_Top was ignored
    Warning (20014): Assignment for entity set_instance_assignment -name IO_STANDARD "3.3-V LVTTL" -to GSENSOR_SCLK -entity DE10_LITE_Golden_Top was ignored
    Warning (20014): Assignment for entity set_instance_assignment -name IO_STANDARD "3.3-V LVTTL" -to GSENSOR_SDI -entity DE10_LITE_Golden_Top was ignored
    Warning (20014): Assignment for entity set_instance_assignment -name IO_STANDARD "3.3-V LVTTL" -to GSENSOR_SDO -entity DE10_LITE_Golden_Top was ignored
    Warning (20014): Assignment for entity set_instance_assignment -name IO_STANDARD "3.3-V LVTTL" -to HEX0[0] -entity DE10_LITE_Golden_Top was ignored
    Warning (20014): Assignment for entity set_instance_assignment -name IO_STANDARD "3.3-V LVTTL" -to HEX0[1] -entity DE10_LITE_Golden_Top was ignored
    Warning (20014): Assignment for entity set_instance_assignment -name IO_STANDARD "3.3-V LVTTL" -to HEX0[2] -entity DE10_LITE_Golden_Top was ignored
    Warning (20014): Assignment for entity set_instance_assignment -name IO_STANDARD "3.3-V LVTTL" -to HEX0[3] -entity DE10_LITE_Golden_Top was ignored
    Warning (20014): Assignment for entity set_instance_assignment -name IO_STANDARD "3.3-V LVTTL" -to HEX0[4] -entity DE10_LITE_Golden_Top was ignored
    Warning (20014): Assignment for entity set_instance_assignment -name IO_STANDARD "3.3-V LVTTL" -to HEX0[5] -entity DE10_LITE_Golden_Top was ignored
    Warning (20014): Assignment for entity set_instance_assignment -name IO_STANDARD "3.3-V LVTTL" -to HEX0[6] -entity DE10_LITE_Golden_Top was ignored
    Warning (20014): Assignment for entity set_instance_assignment -name IO_STANDARD "3.3-V LVTTL" -to HEX0[7] -entity DE10_LITE_Golden_Top was ignored
    Warning (20014): Assignment for entity set_instance_assignment -name IO_STANDARD "3.3-V LVTTL" -to HEX1[0] -entity DE10_LITE_Golden_Top was ignored
    Warning (20014): Assignment for entity set_instance_assignment -name IO_STANDARD "3.3-V LVTTL" -to HEX1[1] -entity DE10_LITE_Golden_Top was ignored
    Warning (20014): Assignment for entity set_instance_assignment -name IO_STANDARD "3.3-V LVTTL" -to HEX1[2] -entity DE10_LITE_Golden_Top was ignored
    Warning (20014): Assignment for entity set_instance_assignment -name IO_STANDARD "3.3-V LVTTL" -to HEX1[3] -entity DE10_LITE_Golden_Top was ignored
    Warning (20014): Assignment for entity set_instance_assignment -name IO_STANDARD "3.3-V LVTTL" -to HEX1[4] -entity DE10_LITE_Golden_Top was ignored
    Warning (20014): Assignment for entity set_instance_assignment -name IO_STANDARD "3.3-V LVTTL" -to HEX1[5] -entity DE10_LITE_Golden_Top was ignored
    Warning (20014): Assignment for entity set_instance_assignment -name IO_STANDARD "3.3-V LVTTL" -to HEX1[6] -entity DE10_LITE_Golden_Top was ignored
    Warning (20014): Assignment for entity set_instance_assignment -name IO_STANDARD "3.3-V LVTTL" -to HEX1[7] -entity DE10_LITE_Golden_Top was ignored
    Warning (20014): Assignment for entity set_instance_assignment -name IO_STANDARD "3.3-V LVTTL" -to HEX2[0] -entity DE10_LITE_Golden_Top was ignored
    Warning (20014): Assignment for entity set_instance_assignment -name IO_STANDARD "3.3-V LVTTL" -to HEX2[1] -entity DE10_LITE_Golden_Top was ignored
    Warning (20014): Assignment for entity set_instance_assignment -name IO_STANDARD "3.3-V LVTTL" -to HEX2[2] -entity DE10_LITE_Golden_Top was ignored
    Warning (20014): Assignment for entity set_instance_assignment -name IO_STANDARD "3.3-V LVTTL" -to HEX2[3] -entity DE10_LITE_Golden_Top was ignored
    Warning (20014): Assignment for entity set_instance_assignment -name IO_STANDARD "3.3-V LVTTL" -to HEX2[4] -entity DE10_LITE_Golden_Top was ignored
    Warning (20014): Assignment for entity set_instance_assignment -name IO_STANDARD "3.3-V LVTTL" -to HEX2[5] -entity DE10_LITE_Golden_Top was ignored
    Warning (20014): Assignment for entity set_instance_assignment -name IO_STANDARD "3.3-V LVTTL" -to HEX2[6] -entity DE10_LITE_Golden_Top was ignored
    Warning (20014): Assignment for entity set_instance_assignment -name IO_STANDARD "3.3-V LVTTL" -to HEX2[7] -entity DE10_LITE_Golden_Top was ignored
    Warning (20014): Assignment for entity set_instance_assignment -name IO_STANDARD "3.3-V LVTTL" -to HEX3[0] -entity DE10_LITE_Golden_Top was ignored
    Warning (20014): Assignment for entity set_instance_assignment -name IO_STANDARD "3.3-V LVTTL" -to HEX3[1] -entity DE10_LITE_Golden_Top was ignored
    Warning (20014): Assignment for entity set_instance_assignment -name IO_STANDARD "3.3-V LVTTL" -to HEX3[2] -entity DE10_LITE_Golden_Top was ignored
    Warning (20014): Assignment for entity set_instance_assignment -name IO_STANDARD "3.3-V LVTTL" -to HEX3[3] -entity DE10_LITE_Golden_Top was ignored
    Warning (20014): Assignment for entity set_instance_assignment -name IO_STANDARD "3.3-V LVTTL" -to HEX3[4] -entity DE10_LITE_Golden_Top was ignored
    Warning (20014): Assignment for entity set_instance_assignment -name IO_STANDARD "3.3-V LVTTL" -to HEX3[5] -entity DE10_LITE_Golden_Top was ignored
    Warning (20014): Assignment for entity set_instance_assignment -name IO_STANDARD "3.3-V LVTTL" -to HEX3[6] -entity DE10_LITE_Golden_Top was ignored
    Warning (20014): Assignment for entity set_instance_assignment -name IO_STANDARD "3.3-V LVTTL" -to HEX3[7] -entity DE10_LITE_Golden_Top was ignored
    Warning (20014): Assignment for entity set_instance_assignment -name IO_STANDARD "3.3-V LVTTL" -to HEX4[0] -entity DE10_LITE_Golden_Top was ignored
    Warning (20014): Assignment for entity set_instance_assignment -name IO_STANDARD "3.3-V LVTTL" -to HEX4[1] -entity DE10_LITE_Golden_Top was ignored
    Warning (20014): Assignment for entity set_instance_assignment -name IO_STANDARD "3.3-V LVTTL" -to HEX4[2] -entity DE10_LITE_Golden_Top was ignored
    Warning (20014): Assignment for entity set_instance_assignment -name IO_STANDARD "3.3-V LVTTL" -to HEX4[3] -entity DE10_LITE_Golden_Top was ignored
    Warning (20014): Assignment for entity set_instance_assignment -name IO_STANDARD "3.3-V LVTTL" -to HEX4[4] -entity DE10_LITE_Golden_Top was ignored
    Warning (20014): Assignment for entity set_instance_assignment -name IO_STANDARD "3.3-V LVTTL" -to HEX4[5] -entity DE10_LITE_Golden_Top was ignored
    Warning (20014): Assignment for entity set_instance_assignment -name IO_STANDARD "3.3-V LVTTL" -to HEX4[6] -entity DE10_LITE_Golden_Top was ignored
    Warning (20014): Assignment for entity set_instance_assignment -name IO_STANDARD "3.3-V LVTTL" -to HEX4[7] -entity DE10_LITE_Golden_Top was ignored
    Warning (20014): Assignment for entity set_instance_assignment -name IO_STANDARD "3.3-V LVTTL" -to HEX5[0] -entity DE10_LITE_Golden_Top was ignored
    Warning (20014): Assignment for entity set_instance_assignment -name IO_STANDARD "3.3-V LVTTL" -to HEX5[1] -entity DE10_LITE_Golden_Top was ignored
    Warning (20014): Assignment for entity set_instance_assignment -name IO_STANDARD "3.3-V LVTTL" -to HEX5[2] -entity DE10_LITE_Golden_Top was ignored
    Warning (20014): Assignment for entity set_instance_assignment -name IO_STANDARD "3.3-V LVTTL" -to HEX5[3] -entity DE10_LITE_Golden_Top was ignored
    Warning (20014): Assignment for entity set_instance_assignment -name IO_STANDARD "3.3-V LVTTL" -to HEX5[4] -entity DE10_LITE_Golden_Top was ignored
    Warning (20014): Assignment for entity set_instance_assignment -name IO_STANDARD "3.3-V LVTTL" -to HEX5[5] -entity DE10_LITE_Golden_Top was ignored
    Warning (20014): Assignment for entity set_instance_assignment -name IO_STANDARD "3.3-V LVTTL" -to HEX5[6] -entity DE10_LITE_Golden_Top was ignored
    Warning (20014): Assignment for entity set_instance_assignment -name IO_STANDARD "3.3-V LVTTL" -to HEX5[7] -entity DE10_LITE_Golden_Top was ignored
    Warning (20014): Assignment for entity set_instance_assignment -name IO_STANDARD "3.3 V SCHMITT TRIGGER" -to KEY[0] -entity DE10_LITE_Golden_Top was ignored
    Warning (20014): Assignment for entity set_instance_assignment -name IO_STANDARD "3.3 V SCHMITT TRIGGER" -to KEY[1] -entity DE10_LITE_Golden_Top was ignored
    Warning (20014): Assignment for entity set_instance_assignment -name IO_STANDARD "3.3-V LVTTL" -to LEDR[0] -entity DE10_LITE_Golden_Top was ignored
    Warning (20014): Assignment for entity set_instance_assignment -name IO_STANDARD "3.3-V LVTTL" -to LEDR[1] -entity DE10_LITE_Golden_Top was ignored
    Warning (20014): Assignment for entity set_instance_assignment -name IO_STANDARD "3.3-V LVTTL" -to LEDR[2] -entity DE10_LITE_Golden_Top was ignored
    Warning (20014): Assignment for entity set_instance_assignment -name IO_STANDARD "3.3-V LVTTL" -to LEDR[3] -entity DE10_LITE_Golden_Top was ignored
    Warning (20014): Assignment for entity set_instance_assignment -name IO_STANDARD "3.3-V LVTTL" -to LEDR[4] -entity DE10_LITE_Golden_Top was ignored
    Warning (20014): Assignment for entity set_instance_assignment -name IO_STANDARD "3.3-V LVTTL" -to LEDR[5] -entity DE10_LITE_Golden_Top was ignored
    Warning (20014): Assignment for entity set_instance_assignment -name IO_STANDARD "3.3-V LVTTL" -to LEDR[6] -entity DE10_LITE_Golden_Top was ignored
    Warning (20014): Assignment for entity set_instance_assignment -name IO_STANDARD "3.3-V LVTTL" -to LEDR[7] -entity DE10_LITE_Golden_Top was ignored
    Warning (20014): Assignment for entity set_instance_assignment -name IO_STANDARD "3.3-V LVTTL" -to LEDR[8] -entity DE10_LITE_Golden_Top was ignored
    Warning (20014): Assignment for entity set_instance_assignment -name IO_STANDARD "3.3-V LVTTL" -to LEDR[9] -entity DE10_LITE_Golden_Top was ignored
    Warning (20014): Assignment for entity set_instance_assignment -name IO_STANDARD "3.3-V LVTTL" -to MAX10_CLK1_50 -entity DE10_LITE_Golden_Top was ignored
    Warning (20014): Assignment for entity set_instance_assignment -name IO_STANDARD "3.3-V LVTTL" -to MAX10_CLK2_50 -entity DE10_LITE_Golden_Top was ignored
    Warning (20014): Assignment for entity set_instance_assignment -name IO_STANDARD "3.3-V LVTTL" -to SW[0] -entity DE10_LITE_Golden_Top was ignored
    Warning (20014): Assignment for entity set_instance_assignment -name IO_STANDARD "3.3-V LVTTL" -to SW[1] -entity DE10_LITE_Golden_Top was ignored
    Warning (20014): Assignment for entity set_instance_assignment -name IO_STANDARD "3.3-V LVTTL" -to SW[2] -entity DE10_LITE_Golden_Top was ignored
    Warning (20014): Assignment for entity set_instance_assignment -name IO_STANDARD "3.3-V LVTTL" -to SW[3] -entity DE10_LITE_Golden_Top was ignored
    Warning (20014): Assignment for entity set_instance_assignment -name IO_STANDARD "3.3-V LVTTL" -to SW[4] -entity DE10_LITE_Golden_Top was ignored
    Warning (20014): Assignment for entity set_instance_assignment -name IO_STANDARD "3.3-V LVTTL" -to SW[5] -entity DE10_LITE_Golden_Top was ignored
    Warning (20014): Assignment for entity set_instance_assignment -name IO_STANDARD "3.3-V LVTTL" -to SW[6] -entity DE10_LITE_Golden_Top was ignored
    Warning (20014): Assignment for entity set_instance_assignment -name IO_STANDARD "3.3-V LVTTL" -to SW[7] -entity DE10_LITE_Golden_Top was ignored
    Warning (20014): Assignment for entity set_instance_assignment -name IO_STANDARD "3.3-V LVTTL" -to SW[8] -entity DE10_LITE_Golden_Top was ignored
    Warning (20014): Assignment for entity set_instance_assignment -name IO_STANDARD "3.3-V LVTTL" -to SW[9] -entity DE10_LITE_Golden_Top was ignored
    Warning (20014): Assignment for entity set_instance_assignment -name IO_STANDARD "3.3-V LVTTL" -to VGA_B[0] -entity DE10_LITE_Golden_Top was ignored
    Warning (20014): Assignment for entity set_instance_assignment -name IO_STANDARD "3.3-V LVTTL" -to VGA_B[1] -entity DE10_LITE_Golden_Top was ignored
    Warning (20014): Assignment for entity set_instance_assignment -name IO_STANDARD "3.3-V LVTTL" -to VGA_B[2] -entity DE10_LITE_Golden_Top was ignored
    Warning (20014): Assignment for entity set_instance_assignment -name IO_STANDARD "3.3-V LVTTL" -to VGA_B[3] -entity DE10_LITE_Golden_Top was ignored
    Warning (20014): Assignment for entity set_instance_assignment -name IO_STANDARD "3.3-V LVTTL" -to VGA_G[0] -entity DE10_LITE_Golden_Top was ignored
    Warning (20014): Assignment for entity set_instance_assignment -name IO_STANDARD "3.3-V LVTTL" -to VGA_G[1] -entity DE10_LITE_Golden_Top was ignored
    Warning (20014): Assignment for entity set_instance_assignment -name IO_STANDARD "3.3-V LVTTL" -to VGA_G[2] -entity DE10_LITE_Golden_Top was ignored
    Warning (20014): Assignment for entity set_instance_assignment -name IO_STANDARD "3.3-V LVTTL" -to VGA_G[3] -entity DE10_LITE_Golden_Top was ignored
    Warning (20014): Assignment for entity set_instance_assignment -name IO_STANDARD "3.3-V LVTTL" -to VGA_HS -entity DE10_LITE_Golden_Top was ignored
    Warning (20014): Assignment for entity set_instance_assignment -name IO_STANDARD "3.3-V LVTTL" -to VGA_R[0] -entity DE10_LITE_Golden_Top was ignored
    Warning (20014): Assignment for entity set_instance_assignment -name IO_STANDARD "3.3-V LVTTL" -to VGA_R[1] -entity DE10_LITE_Golden_Top was ignored
    Warning (20014): Assignment for entity set_instance_assignment -name IO_STANDARD "3.3-V LVTTL" -to VGA_R[2] -entity DE10_LITE_Golden_Top was ignored
    Warning (20014): Assignment for entity set_instance_assignment -name IO_STANDARD "3.3-V LVTTL" -to VGA_R[3] -entity DE10_LITE_Golden_Top was ignored
    Warning (20014): Assignment for entity set_instance_assignment -name IO_STANDARD "3.3-V LVTTL" -to VGA_VS -entity DE10_LITE_Golden_Top was ignored
    Warning (20014): Assignment for entity set_instance_assignment -name PARTITION_HIERARCHY root_partition -to | -entity DE10_LITE_Golden_Top -section_id Top was ignored
    Warning (20014): Assignment for entity set_global_assignment -name PARTITION_NETLIST_TYPE SOURCE -entity DE10_LITE_Golden_Top -section_id Top was ignored
    Warning (20014): Assignment for entity set_global_assignment -name PARTITION_FITTER_PRESERVATION_LEVEL PLACEMENT_AND_ROUTING -entity DE10_LITE_Golden_Top -section_id Top was ignored
    Warning (20014): Assignment for entity set_global_assignment -name PARTITION_PRESERVE_HIGH_SPEED_TILES ON -entity DE10_LITE_Golden_Top -section_id Top was ignored
    Warning (20014): Assignment for entity set_global_assignment -name PARTITION_IGNORE_SOURCE_FILE_CHANGES OFF -entity DE10_LITE_Golden_Top -section_id Top was ignored
    Warning (20014): Assignment for entity set_global_assignment -name PARTITION_ALWAYS_USE_QXP_NETLIST OFF -entity DE10_LITE_Golden_Top -section_id Top was ignored
    Warning (20014): Assignment for entity set_global_assignment -name PARTITION_COLOR 16764057 -entity DE10_LITE_Golden_Top -section_id Top was ignored
    Warning (20014): Assignment for entity set_global_assignment -name PARTITION_IMPORT_ASSIGNMENTS ON -entity DE10_LITE_Golden_Top -section_id Top was ignored
    Warning (20014): Assignment for entity set_global_assignment -name PARTITION_IMPORT_EXISTING_ASSIGNMENTS REPLACE_CONFLICTING -entity DE10_LITE_Golden_Top -section_id Top was ignored
    Warning (20014): Assignment for entity set_global_assignment -name PARTITION_IMPORT_EXISTING_LOGICLOCK_REGIONS UPDATE_CONFLICTING -entity DE10_LITE_Golden_Top -section_id Top was ignored
    Warning (20014): Assignment for entity set_global_assignment -name PARTITION_IMPORT_PIN_ASSIGNMENTS ON -entity DE10_LITE_Golden_Top -section_id Top was ignored
    Warning (20014): Assignment for entity set_global_assignment -name PARTITION_IMPORT_PROMOTE_ASSIGNMENTS ON -entity DE10_LITE_Golden_Top -section_id Top was ignored
    Warning (20014): Assignment for entity set_global_assignment -name PARTITION_TYPE STANDARD_PARTITION -entity DE10_LITE_Golden_Top -section_id Top was ignored
    Warning (20014): Assignment for entity set_global_assignment -name ALLOW_MULTIPLE_PERSONAS OFF -entity DE10_LITE_Golden_Top -section_id Top was ignored
    Warning (20014): Assignment for entity set_global_assignment -name PARTITION_ASD_REGION_ID 1 -entity DE10_LITE_Golden_Top -section_id Top was ignored
    Warning (20014): Assignment for entity set_global_assignment -name CROSS_BOUNDARY_OPTIMIZATIONS OFF -entity DE10_LITE_Golden_Top -section_id Top was ignored
    Warning (20014): Assignment for entity set_global_assignment -name PROPAGATE_CONSTANTS_ON_INPUTS ON -entity DE10_LITE_Golden_Top -section_id Top was ignored
    Warning (20014): Assignment for entity set_global_assignment -name PROPAGATE_INVERSIONS_ON_INPUTS ON -entity DE10_LITE_Golden_Top -section_id Top was ignored
    Warning (20014): Assignment for entity set_global_assignment -name REMOVE_LOGIC_ON_UNCONNECTED_OUTPUTS ON -entity DE10_LITE_Golden_Top -section_id Top was ignored
    Warning (20014): Assignment for entity set_global_assignment -name MERGE_EQUIVALENT_INPUTS ON -entity DE10_LITE_Golden_Top -section_id Top was ignored
    Warning (20014): Assignment for entity set_global_assignment -name MERGE_EQUIVALENT_BIDIRS ON -entity DE10_LITE_Golden_Top -section_id Top was ignored
    Warning (20014): Assignment for entity set_global_assignment -name ABSORB_PATHS_FROM_OUTPUTS_TO_INPUTS ON -entity DE10_LITE_Golden_Top -section_id Top was ignored
    Warning (20014): Assignment for entity set_global_assignment -name PARTITION_EXTRACT_HARD_BLOCK_NODES ON -entity DE10_LITE_Golden_Top -section_id Top was ignored
    Warning (20014): Assignment for entity set_global_assignment -name PARTITION_ENABLE_STRICT_PRESERVATION OFF -entity DE10_LITE_Golden_Top -section_id Top was ignored
Info (16010): Generating hard_block partition "hard_block:auto_generated_inst"
    Info (16011): Adding 0 node(s), including 0 DDIO, 0 PLL, 0 transceiver and 0 LCELL
Warning (21074): Design contains 8 input pin(s) that do not drive logic
    Warning (15610): No output dependent on input pin "SW[1]" File: C:/Users/Lab PC/Desktop/Quartus_Projects/Traffic Light 3/main.v Line: 3
    Warning (15610): No output dependent on input pin "SW[4]" File: C:/Users/Lab PC/Desktop/Quartus_Projects/Traffic Light 3/main.v Line: 3
    Warning (15610): No output dependent on input pin "SW[5]" File: C:/Users/Lab PC/Desktop/Quartus_Projects/Traffic Light 3/main.v Line: 3
    Warning (15610): No output dependent on input pin "SW[6]" File: C:/Users/Lab PC/Desktop/Quartus_Projects/Traffic Light 3/main.v Line: 3
    Warning (15610): No output dependent on input pin "SW[7]" File: C:/Users/Lab PC/Desktop/Quartus_Projects/Traffic Light 3/main.v Line: 3
    Warning (15610): No output dependent on input pin "SW[8]" File: C:/Users/Lab PC/Desktop/Quartus_Projects/Traffic Light 3/main.v Line: 3
    Warning (15610): No output dependent on input pin "SW[9]" File: C:/Users/Lab PC/Desktop/Quartus_Projects/Traffic Light 3/main.v Line: 3
    Warning (15610): No output dependent on input pin "KEY[0]" File: C:/Users/Lab PC/Desktop/Quartus_Projects/Traffic Light 3/main.v Line: 4
Info (21057): Implemented 240 device resources after synthesis - the final resource count might be different
    Info (21058): Implemented 13 input pins
    Info (21059): Implemented 60 output pins
    Info (21061): Implemented 167 logic cells
Info: Quartus Prime Analysis & Synthesis was successful. 0 errors, 281 warnings
    Info: Peak virtual memory: 4788 megabytes
    Info: Processing ended: Mon Mar 16 04:24:51 2026
    Info: Elapsed time: 00:00:09
    Info: Total CPU time (on all processors): 00:00:22


